<?xml version="1.0" encoding="UTF-8"?>
<!-- Generated by org.testng.reporters.JUnitReportReporter -->
<testsuite hostname="hplappy" name="com.lambdatest.Tests.ParallelTest" tests="6" failures="0" timestamp="12 Feb 2019 15:18:59 GMT" time="623.725" errors="0">
  <testcase name="test" time="70.162" classname="com.lambdatest.Tests.ParallelTest"/>
  <testcase name="test" time="99.091" classname="com.lambdatest.Tests.ParallelTest"/>
  <testcase name="test" time="133.948" classname="com.lambdatest.Tests.ParallelTest"/>
  <testcase name="test" time="143.807" classname="com.lambdatest.Tests.ParallelTest"/>
  <testcase name="test" time="40.396" classname="com.lambdatest.Tests.ParallelTest"/>
  <testcase name="test" time="136.321" classname="com.lambdatest.Tests.ParallelTest"/>
</testsuite> <!-- com.lambdatest.Tests.ParallelTest -->
