<?xml version="1.0" encoding="UTF-8"?>
<!-- Generated by org.testng.reporters.JUnitReportReporter -->
<testsuite hostname="hplappy" name="com.lambdatest.Tests.ParallelTest" tests="6" failures="0" timestamp="12 Feb 2019 15:06:08 GMT" time="242.663" errors="0">
  <testcase name="test" time="43.198" classname="com.lambdatest.Tests.ParallelTest"/>
  <testcase name="test" time="64.592" classname="com.lambdatest.Tests.ParallelTest"/>
  <testcase name="test" time="29.528" classname="com.lambdatest.Tests.ParallelTest"/>
  <testcase name="test" time="30.295" classname="com.lambdatest.Tests.ParallelTest"/>
  <testcase name="test" time="29.783" classname="com.lambdatest.Tests.ParallelTest"/>
  <testcase name="test" time="45.267" classname="com.lambdatest.Tests.ParallelTest"/>
</testsuite> <!-- com.lambdatest.Tests.ParallelTest -->
