<?xml version="1.0" encoding="UTF-8"?>
<!-- Generated by org.testng.reporters.JUnitReportReporter -->
<testsuite hostname="hplappy" name="com.lambdatest.Tests.ParallelTest" tests="6" failures="0" timestamp="12 Feb 2019 14:51:39 GMT" time="237.179" errors="0">
  <testcase name="test" time="31.528" classname="com.lambdatest.Tests.ParallelTest"/>
  <testcase name="test" time="32.043" classname="com.lambdatest.Tests.ParallelTest"/>
  <testcase name="test" time="40.643" classname="com.lambdatest.Tests.ParallelTest"/>
  <testcase name="test" time="58.740" classname="com.lambdatest.Tests.ParallelTest"/>
  <testcase name="test" time="42.699" classname="com.lambdatest.Tests.ParallelTest"/>
  <testcase name="test" time="31.526" classname="com.lambdatest.Tests.ParallelTest"/>
</testsuite> <!-- com.lambdatest.Tests.ParallelTest -->
