<?xml version="1.0" encoding="UTF-8"?>
<!-- Generated by org.testng.reporters.JUnitReportReporter -->
<testsuite hostname="hplappy" name="com.lambdatest.Tests.ParallelTest" tests="6" failures="0" timestamp="12 Feb 2019 15:14:04 GMT" time="625.091" errors="0">
  <testcase name="test" time="152.603" classname="com.lambdatest.Tests.ParallelTest"/>
  <testcase name="test" time="143.233" classname="com.lambdatest.Tests.ParallelTest"/>
  <testcase name="test" time="60.323" classname="com.lambdatest.Tests.ParallelTest"/>
  <testcase name="test" time="87.022" classname="com.lambdatest.Tests.ParallelTest"/>
  <testcase name="test" time="149.805" classname="com.lambdatest.Tests.ParallelTest"/>
  <testcase name="test" time="32.105" classname="com.lambdatest.Tests.ParallelTest"/>
</testsuite> <!-- com.lambdatest.Tests.ParallelTest -->
