<?xml version="1.0" encoding="UTF-8"?>
<!-- Generated by org.testng.reporters.JUnitReportReporter -->
<testsuite hostname="hplappy" name="com.lambdatest.Tests.ParallelTest" tests="3" failures="0" timestamp="9 Feb 2019 14:28:41 GMT" time="133.765" errors="0">
  <testcase name="test" time="47.838" classname="com.lambdatest.Tests.ParallelTest"/>
  <testcase name="test" time="67.694" classname="com.lambdatest.Tests.ParallelTest"/>
  <testcase name="test" time="18.233" classname="com.lambdatest.Tests.ParallelTest"/>
</testsuite> <!-- com.lambdatest.Tests.ParallelTest -->
